# JRE version: Java(TM) SE Runtime Environment (8.0_131-b11) (build 1.8.0_131-b11)
# Java VM: Java HotSpot(TM) 64-Bit Server VM (25.131-b11 mixed mode windows-amd64 compressed oops)
Heap:
 PSYoungGen      total 110592K, used 29816K [0x00000000e0000000, 0x00000000e8700000, 0x0000000100000000)
  eden space 106496K, 24% used [0x00000000e0000000,0x00000000e1926320,0x00000000e6800000)
  from space 4096K, 99% used [0x00000000e8300000,0x00000000e86f8050,0x00000000e8700000)
  to   space 13824K, 0% used [0x00000000e6c00000,0x00000000e6c00000,0x00000000e7980000)
 ParOldGen       total 99328K, used 50253K [0x00000000a0000000, 0x00000000a6100000, 0x00000000e0000000)
  object space 99328K, 50% used [0x00000000a0000000,0x00000000a3113560,0x00000000a6100000)
 Metaspace       used 77808K, capacity 81806K, committed 81920K, reserved 1120256K
  class space    used 10185K, capacity 10972K, committed 11008K, reserved 1048576K
GC Heap History (10 events):
Event: 1264.452 GC heap before
{Heap before GC invocations=25 (full 3):
 PSYoungGen      total 136704K, used 132675K [0x00000000e0000000, 0x00000000e9a00000, 0x0000000100000000)
  eden space 124416K, 100% used [0x00000000e0000000,0x00000000e7980000,0x00000000e7980000)
  from space 12288K, 67% used [0x00000000e7980000,0x00000000e8190fc8,0x00000000e8580000)
  to   space 12288K, 0% used [0x00000000e8e00000,0x00000000e8e00000,0x00000000e9a00000)
 ParOldGen       total 99328K, used 43479K [0x00000000a0000000, 0x00000000a6100000, 0x00000000e0000000)
  object space 99328K, 43% used [0x00000000a0000000,0x00000000a2a75f20,0x00000000a6100000)
 Metaspace       used 73751K, capacity 76976K, committed 77312K, reserved 1116160K
  class space    used 9748K, capacity 10369K, committed 10496K, reserved 1048576K
Event: 1264.474 GC heap after
Heap after GC invocations=25 (full 3):
 PSYoungGen      total 128512K, used 8163K [0x00000000e0000000, 0x00000000e9600000, 0x0000000100000000)
  eden space 120320K, 0% used [0x00000000e0000000,0x00000000e0000000,0x00000000e7580000)
  from space 8192K, 99% used [0x00000000e8e00000,0x00000000e95f8c90,0x00000000e9600000)
  to   space 12288K, 0% used [0x00000000e7e00000,0x00000000e7e00000,0x00000000e8a00000)
 ParOldGen       total 99328K, used 43487K [0x00000000a0000000, 0x00000000a6100000, 0x00000000e0000000)
  object space 99328K, 43% used [0x00000000a0000000,0x00000000a2a77f20,0x00000000a6100000)
 Metaspace       used 73751K, capacity 76976K, committed 77312K, reserved 1116160K
  class space    used 9748K, capacity 10369K, committed 10496K, reserved 1048576K
}
Event: 1448.946 GC heap before
{Heap before GC invocations=26 (full 3):
 PSYoungGen      total 128512K, used 128483K [0x00000000e0000000, 0x00000000e9600000, 0x0000000100000000)
  eden space 120320K, 100% used [0x00000000e0000000,0x00000000e7580000,0x00000000e7580000)
  from space 8192K, 99% used [0x00000000e8e00000,0x00000000e95f8c90,0x00000000e9600000)
  to   space 12288K, 0% used [0x00000000e7e00000,0x00000000e7e00000,0x00000000e8a00000)
 ParOldGen       total 99328K, used 43487K [0x00000000a0000000, 0x00000000a6100000, 0x00000000e0000000)
  object space 99328K, 43% used [0x00000000a0000000,0x00000000a2a77f20,0x00000000a6100000)
 Metaspace       used 74467K, capacity 78078K, committed 78336K, reserved 1118208K
  class space    used 9809K, capacity 10476K, committed 10496K, reserved 1048576K
Event: 1448.991 GC heap after
Heap after GC invocations=26 (full 3):
 PSYoungGen      total 125440K, used 8276K [0x00000000e0000000, 0x00000000e8e80000, 0x0000000100000000)
  eden space 116736K, 0% used [0x00000000e0000000,0x00000000e0000000,0x00000000e7200000)
  from space 8704K, 95% used [0x00000000e7e00000,0x00000000e86150b0,0x00000000e8680000)
  to   space 8192K, 0% used [0x00000000e8680000,0x00000000e8680000,0x00000000e8e80000)
 ParOldGen       total 99328K, used 43495K [0x00000000a0000000, 0x00000000a6100000, 0x00000000e0000000)
  object space 99328K, 43% used [0x00000000a0000000,0x00000000a2a79f20,0x00000000a6100000)
 Metaspace       used 74467K, capacity 78078K, committed 78336K, reserved 1118208K
  class space    used 9809K, capacity 10476K, committed 10496K, reserved 1048576K
}
Event: 4758.110 GC heap before
{Heap before GC invocations=27 (full 3):
 PSYoungGen      total 125440K, used 125012K [0x00000000e0000000, 0x00000000e8e80000, 0x0000000100000000)
  eden space 116736K, 100% used [0x00000000e0000000,0x00000000e7200000,0x00000000e7200000)
  from space 8704K, 95% used [0x00000000e7e00000,0x00000000e86150b0,0x00000000e8680000)
  to   space 8192K, 0% used [0x00000000e8680000,0x00000000e8680000,0x00000000e8e80000)
 ParOldGen       total 99328K, used 43495K [0x00000000a0000000, 0x00000000a6100000, 0x00000000e0000000)
  object space 99328K, 43% used [0x00000000a0000000,0x00000000a2a79f20,0x00000000a6100000)
 Metaspace       used 74894K, capacity 78598K, committed 78720K, reserved 1118208K
  class space    used 9847K, capacity 10562K, committed 10624K, reserved 1048576K
Event: 4772.100 GC heap after
Heap after GC invocations=27 (full 3):
 PSYoungGen      total 121344K, used 7822K [0x00000000e0000000, 0x00000000e8e80000, 0x0000000100000000)
  eden space 113152K, 0% used [0x00000000e0000000,0x00000000e0000000,0x00000000e6e80000)
  from space 8192K, 95% used [0x00000000e8680000,0x00000000e8e23880,0x00000000e8e80000)
  to   space 11776K, 0% used [0x00000000e7780000,0x00000000e7780000,0x00000000e8300000)
 ParOldGen       total 99328K, used 43503K [0x00000000a0000000, 0x00000000a6100000, 0x00000000e0000000)
  object space 99328K, 43% used [0x00000000a0000000,0x00000000a2a7bf20,0x00000000a6100000)
 Metaspace       used 74894K, capacity 78598K, committed 78720K, reserved 1118208K
  class space    used 9847K, capacity 10562K, committed 10624K, reserved 1048576K
}
Event: 5760.325 GC heap before
{Heap before GC invocations=28 (full 3):
 PSYoungGen      total 121344K, used 120974K [0x00000000e0000000, 0x00000000e8e80000, 0x0000000100000000)
  eden space 113152K, 100% used [0x00000000e0000000,0x00000000e6e80000,0x00000000e6e80000)
  from space 8192K, 95% used [0x00000000e8680000,0x00000000e8e23880,0x00000000e8e80000)
  to   space 11776K, 0% used [0x00000000e7780000,0x00000000e7780000,0x00000000e8300000)
 ParOldGen       total 99328K, used 43503K [0x00000000a0000000, 0x00000000a6100000, 0x00000000e0000000)
  object space 99328K, 43% used [0x00000000a0000000,0x00000000a2a7bf20,0x00000000a6100000)
 Metaspace       used 76506K, capacity 80492K, committed 80768K, reserved 1120256K
  class space    used 10071K, capacity 10837K, committed 10880K, reserved 1048576K
Event: 5762.173 GC heap after
Heap after GC invocations=28 (full 3):
 PSYoungGen      total 121344K, used 11753K [0x00000000e0000000, 0x00000000e8700000, 0x0000000100000000)
  eden space 109568K, 0% used [0x00000000e0000000,0x00000000e0000000,0x00000000e6b00000)
  from space 11776K, 99% used [0x00000000e7780000,0x00000000e82fa570,0x00000000e8300000)
  to   space 4096K, 0% used [0x00000000e8300000,0x00000000e8300000,0x00000000e8700000)
 ParOldGen       total 99328K, used 44660K [0x00000000a0000000, 0x00000000a6100000, 0x00000000e0000000)
  object space 99328K, 44% used [0x00000000a0000000,0x00000000a2b9d360,0x00000000a6100000)
 Metaspace       used 76506K, capacity 80492K, committed 80768K, reserved 1120256K
  class space    used 10071K, capacity 10837K, committed 10880K, reserved 1048576K
}
Event: 6007.821 GC heap before
{Heap before GC invocations=29 (full 3):
 PSYoungGen      total 121344K, used 121321K [0x00000000e0000000, 0x00000000e8700000, 0x0000000100000000)
  eden space 109568K, 100% used [0x00000000e0000000,0x00000000e6b00000,0x00000000e6b00000)
  from space 11776K, 99% used [0x00000000e7780000,0x00000000e82fa570,0x00000000e8300000)
  to   space 4096K, 0% used [0x00000000e8300000,0x00000000e8300000,0x00000000e8700000)
 ParOldGen       total 99328K, used 44660K [0x00000000a0000000, 0x00000000a6100000, 0x00000000e0000000)
  object space 99328K, 44% used [0x00000000a0000000,0x00000000a2b9d360,0x00000000a6100000)
 Metaspace       used 77789K, capacity 81806K, committed 81920K, reserved 1120256K
  class space    used 10184K, capacity 10972K, committed 11008K, reserved 1048576K
Event: 6008.208 GC heap after
Heap after GC invocations=29 (full 3):
 PSYoungGen      total 110592K, used 4064K [0x00000000e0000000, 0x00000000e8700000, 0x0000000100000000)
  eden space 106496K, 0% used [0x00000000e0000000,0x00000000e0000000,0x00000000e6800000)
  from space 4096K, 99% used [0x00000000e8300000,0x00000000e86f8050,0x00000000e8700000)
  to   space 13824K, 0% used [0x00000000e6c00000,0x00000000e6c00000,0x00000000e7980000)
 ParOldGen       total 99328K, used 50253K [0x00000000a0000000, 0x00000000a6100000, 0x00000000e0000000)
  object space 99328K, 50% used [0x00000000a0000000,0x00000000a3113560,0x00000000a6100000)
 Metaspace       used 77789K, capacity 81806K, committed 81920K, reserved 1120256K
  class space    used 10184K, capacity 10972K, committed 11008K, reserved 1048576K
}

